2025-05-27 00:05:09,958 - errlog - ERROR - Exception type: Message: no such element: Unable to locate element: {"method":"xpath","selector":"//*[@id="main-content-area"]/div[2]/div[2]/div[1]/div/div/span[2]"}
  (Session info: chrome=136.0.7103.59); For documentation on this error, please visit: https://www.selenium.dev/documentation/webdriver/troubleshooting/errors#no-such-element-exception
Stacktrace:
#0 0x58fa7225f71a <unknown>
#1 0x58fa71d020a0 <unknown>
#2 0x58fa71d539b0 <unknown>
#3 0x58fa71d53ba1 <unknown>
#4 0x58fa71da1ea4 <unknown>
#5 0x58fa71d793cd <unknown>
#6 0x58fa71d9f2a0 <unknown>
#7 0x58fa71d79173 <unknown>
#8 0x58fa71d45d4b <unknown>
#9 0x58fa71d469b1 <unknown>
#10 0x58fa722248cb <unknown>
#11 0x58fa722287ca <unknown>
#12 0x58fa7220c622 <unknown>
#13 0x58fa72229354 <unknown>
#14 0x58fa721f145f <unknown>
#15 0x58fa7224d4f8 <unknown>
#16 0x58fa7224d6d6 <unknown>
#17 0x58fa7225e586 <unknown>
#18 0x7bc05cc9caa4 <unknown>
#19 0x7bc05cd29c3c <unknown>
Traceback (most recent call last):
  File "/home/albin/projects/israel/scrapers/aljazeera.py", line 86, in collect_newsfeed
    date_simple = driver.find_element(By.XPATH, '//*[@id="main-content-area"]/div[2]/div[2]/div[1]/div/div/span[2]').text
                  ^^^^^^^^^^^^^^^^^^^^^^^^^^^^^^^^^^^^^^^^^^^^^^^^^^^^^^^^^^^^^^^^^^^^^^^^^^^^^^^^^^^^^^^^^^^^^^^^^^
  File "/home/albin/projects/israel/.env/lib/python3.11/site-packages/selenium/webdriver/remote/webdriver.py", line 917, in find_element
    return self.execute(Command.FIND_ELEMENT, {"using": by, "value": value})["value"]
           ^^^^^^^^^^^^^^^^^^^^^^^^^^^^^^^^^^^^^^^^^^^^^^^^^^^^^^^^^^^^^^^^^
  File "/home/albin/projects/israel/.env/lib/python3.11/site-packages/selenium/webdriver/remote/webdriver.py", line 448, in execute
    self.error_handler.check_response(response)
  File "/home/albin/projects/israel/.env/lib/python3.11/site-packages/selenium/webdriver/remote/errorhandler.py", line 232, in check_response
    raise exception_class(message, screen, stacktrace)
selenium.common.exceptions.NoSuchElementException: Message: no such element: Unable to locate element: {"method":"xpath","selector":"//*[@id="main-content-area"]/div[2]/div[2]/div[1]/div/div/span[2]"}
  (Session info: chrome=136.0.7103.59); For documentation on this error, please visit: https://www.selenium.dev/documentation/webdriver/troubleshooting/errors#no-such-element-exception
Stacktrace:
#0 0x58fa7225f71a <unknown>
#1 0x58fa71d020a0 <unknown>
#2 0x58fa71d539b0 <unknown>
#3 0x58fa71d53ba1 <unknown>
#4 0x58fa71da1ea4 <unknown>
#5 0x58fa71d793cd <unknown>
#6 0x58fa71d9f2a0 <unknown>
#7 0x58fa71d79173 <unknown>
#8 0x58fa71d45d4b <unknown>
#9 0x58fa71d469b1 <unknown>
#10 0x58fa722248cb <unknown>
#11 0x58fa722287ca <unknown>
#12 0x58fa7220c622 <unknown>
#13 0x58fa72229354 <unknown>
#14 0x58fa721f145f <unknown>
#15 0x58fa7224d4f8 <unknown>
#16 0x58fa7224d6d6 <unknown>
#17 0x58fa7225e586 <unknown>
#18 0x7bc05cc9caa4 <unknown>
#19 0x7bc05cd29c3c <unknown>

